\BOOKMARK [0][]{CAPA.0}{CAPA}{}% 1
\BOOKMARK [0][]{VERSO.0}{VERSO}{}% 2
\BOOKMARK [0][]{contentsname.0}{SUM\301RIO}{}% 3
\BOOKMARK [0][]{section*.1}{ Exerc\355cio 1}{}% 4
\BOOKMARK [0][]{section*.2}{ Exerc\355cio 2}{}% 5
\BOOKMARK [0][]{section*.3}{ Exerc\355cio 3}{}% 6
\BOOKMARK [0][]{section*.4}{ Exerc\355cio 4}{}% 7
\BOOKMARK [1][]{section*.5}{ \0404.1}{section*.4}% 8
\BOOKMARK [1][]{section*.6}{ \0404.2}{section*.4}% 9
\BOOKMARK [0][]{section*.9}{ Exerc\355cio 5}{}% 10
\BOOKMARK [1][]{section*.10}{ \0405.1}{section*.9}% 11
\BOOKMARK [1][]{section*.13}{ \0405.2}{section*.9}% 12
\BOOKMARK [0][]{section*.14}{ Exerc\355cio 6}{}% 13
\BOOKMARK [1][]{section*.15}{ \0406.1}{section*.14}% 14
\BOOKMARK [1][]{section*.16}{ \0406.2}{section*.14}% 15
\BOOKMARK [1][]{section*.17}{ \0406.3}{section*.14}% 16
\BOOKMARK [0][]{section*.18}{ Exerc\355cio 7}{}% 17
\BOOKMARK [1][]{section*.19}{ \0407.1}{section*.18}% 18
\BOOKMARK [1][]{section*.20}{ \0407.2}{section*.18}% 19
\BOOKMARK [1][]{section*.22}{ \0407.3}{section*.18}% 20
\BOOKMARK [0][]{section*.23}{ Exerc\355cio 8}{}% 21
\BOOKMARK [1][]{section*.24}{ \0408.1}{section*.23}% 22
\BOOKMARK [1][]{section*.25}{ \0408.2}{section*.23}% 23
\BOOKMARK [0][]{section*.26}{ Exerc\355cio 9}{}% 24
\BOOKMARK [1][]{section*.27}{ \0409.1}{section*.26}% 25
\BOOKMARK [1][]{section*.28}{ \0409.2}{section*.26}% 26
